%このファイルは日本語文字を含みます.
\BOOKMARK [0][-]{chapter.1}{\376\377\173\054\0001\172\340\000\040\000C\000M\000B}{}% 1
\BOOKMARK [0][-]{chapter.2}{\376\377\173\054\0002\172\340\000\040\000S\000i\000m\000o\000n\000s\000\040\000O\000b\000s\000e\000r\000v\000a\000t\000o\000r\000y\133\237\232\023}{}% 2
\BOOKMARK [1][-]{section.2.1}{\376\377\0002\000.\0001\000\040\000S\000i\000m\000o\000n\000s\000\040\000O\000b\000s\000e\000r\000v\000a\000t\000o\000r\000y\133\237\232\023}{chapter.2}% 3
\BOOKMARK [1][-]{section.2.2}{\376\377\0002\000.\0002\000\040\000L\000a\000r\000g\000e\000\040\000A\000p\000e\000r\000t\000u\000r\000e\000\040\000T\000e\000l\000e\000s\000c\000o\000p\000e\000\040\000\050\000L\000A\000T\000\051}{chapter.2}% 4
\BOOKMARK [1][-]{section.2.3}{\376\377\0002\000.\0003\000\040\000S\000m\000a\000l\000l\000\040\000A\000p\000e\000r\000t\000u\000r\000e\000\040\000T\000e\000l\000e\000s\000c\000o\000p\000e\000\040\000\050\000S\000A\000T\000\051}{chapter.2}% 5
\BOOKMARK [2][-]{subsection.2.3.1}{\376\377\0002\000.\0003\000.\0001\000\040\000T\000E\000S\151\034\121\372\126\150}{section.2.3}% 6
\BOOKMARK [2][-]{subsection.2.3.2}{\376\377\0002\000.\0003\000.\0002\000\040\151\165\117\116\156\051\220\043\175\232\126\336\216\342\137\017\123\112\154\342\225\167\147\177\000\040\000\050\000H\000W\000P\000\051}{section.2.3}% 7
\BOOKMARK [0][-]{chapter.3}{\376\377\173\054\0003\172\340\000\040\060\271\060\321\060\374\060\271\060\357\060\244\060\344\060\374\060\260\060\352\060\303\060\311\060\222\165\050\060\104\060\137\120\117\121\111\211\322\217\003\153\143\210\305\177\156}{}% 8
\BOOKMARK [1][-]{section.3.1}{\376\377\0003\000.\0001\000\040\151\202\211\201}{chapter.3}% 9
\BOOKMARK [1][-]{section.3.2}{\376\377\0003\000.\0002\000\040\060\271\060\321\060\374\060\271\060\357\060\244\060\344\060\374\060\260\060\352\060\303\060\311}{chapter.3}% 10
\BOOKMARK [1][-]{section.3.3}{\376\377\0003\000.\0003\000\040\120\117\121\111\117\341\123\367\060\156\165\037\142\020\123\237\164\006}{chapter.3}% 11
\BOOKMARK [1][-]{section.3.4}{\376\377\0003\000.\0004\000\040\120\117\121\111\211\322\217\003\153\143\060\156\123\237\164\006}{chapter.3}% 12
\BOOKMARK [1][-]{section.3.5}{\376\377\0003\000.\0005\000\040\212\055\212\010}{chapter.3}% 13
\BOOKMARK [1][-]{section.3.6}{\376\377\0003\000.\0006\000\040}{chapter.3}% 14
\BOOKMARK [0][-]{chapter.4}{\376\377\173\054\0004\172\340\000\040\211\322\136\246\212\010}{}% 15
\BOOKMARK [0][-]{chapter.5}{\376\377\173\054\0005\172\340\000\040\000w\000i\000r\000e\000s\000a\000g}{}% 16
\BOOKMARK [0][-]{chapter.6}{\376\377\173\054\0006\172\340\000\040\116\312\137\214\060\156\134\125\147\033}{}% 17
\BOOKMARK [0][-]{chapter.7}{\376\377\173\054\0007\172\340\000\040\175\120\212\326}{}% 18
\BOOKMARK [0][-]{chapter*.3}{\376\377\210\150\166\356\153\041}{}% 19
\BOOKMARK [0][-]{chapter*.4}{\376\377\126\363\166\356\153\041}{}% 20
