%このファイルは日本語文字を含みます.
\BOOKMARK [0][-]{chapter.1}{\376\377\173\054\0001\172\340\000\040\060\357\060\244\060\344\060\374\060\156\060\137\060\217\060\177\221\317\212\125\117\241\174\373\060\156\225\213\166\172\060\150\201\352\122\325\123\026\142\113\154\325\060\156\170\272\172\313}{}% 1
\BOOKMARK [1][-]{section.1.1}{\376\377\0001\000.\0001\000\040\220\116\123\273\060\156\156\054\133\232\142\113\154\325\060\153\060\112\060\121\060\213\125\117\230\114\160\271\060\150\225\213\166\172\166\356\152\031}{chapter.1}% 2
\BOOKMARK [1][-]{section.1.2}{\376\377\0001\000.\0002\000\040\212\125\117\241\174\373\060\156\151\202\211\201\060\150\212\125\117\241\123\237\164\006}{chapter.1}% 3
\BOOKMARK [2][-]{subsection.1.2.1}{\376\377\0001\000.\0002\000.\0001\000\040\212\125\117\241\174\373\060\156\151\202\211\201}{section.1.2}% 4
\BOOKMARK [2][-]{subsection.1.2.2}{\376\377\0001\000.\0002\000.\0002\000\040\212\125\117\241\123\237\164\006}{section.1.2}% 5
\BOOKMARK [1][-]{section.1.3}{\376\377\0001\000.\0003\000\040\211\343\147\220\142\113\154\325}{chapter.1}% 6
\BOOKMARK [2][-]{subsection.1.3.1}{\376\377\0001\000.\0003\000.\0001\000\040\211\343\147\220\060\156\155\101\060\214}{section.1.3}% 7
\BOOKMARK [2][-]{subsection.1.3.2}{\376\377\0001\000.\0003\000.\0002\000\040\060\271\060\261\060\374\060\351\060\156\000f\000i\000t\000t\000i\000n\000g}{section.1.3}% 8
\BOOKMARK [2][-]{subsection.1.3.3}{\376\377\0001\000.\0003\000.\0003\000\040\060\271\060\310\060\354\060\374\060\310\060\250\060\303\060\270\060\150\060\357\060\244\060\344\060\374\060\156\000f\000i\000t\000t\000i\000n\000g}{section.1.3}% 9
\BOOKMARK [2][-]{subsection.1.3.4}{\376\377\0001\000.\0003\000.\0004\000\040\000z\000\040\060\156\173\227\121\372}{section.1.3}% 10
\BOOKMARK [2][-]{subsection.1.3.5}{\376\377\0001\000.\0003\000.\0005\000\040\060\253\060\306\060\312\060\352\060\374\060\147\060\156\000f\000i\000t\000t\000i\000n\000g}{section.1.3}% 11
\BOOKMARK [1][-]{section.1.4}{\376\377\0001\000.\0004\000\040\225\213\166\172\060\127\060\137\212\125\117\241\174\373\060\156\140\047\200\375\212\125\117\241}{chapter.1}% 12
\BOOKMARK [2][-]{subsection.1.4.1}{\376\377\0001\000.\0004\000.\0001\000\040\212\125\117\241\142\113\154\325}{section.1.4}% 13
\BOOKMARK [2][-]{subsection.1.4.2}{\376\377\0001\000.\0004\000.\0002\000\040\212\125\117\241\175\120\147\234\060\150\060\135\060\156\200\003\133\337}{section.1.4}% 14
\BOOKMARK [2][-]{subsection.1.4.3}{\376\377\0001\000.\0004\000.\0003\000\040\137\227\060\211\060\214\060\137\212\244\135\356\060\156\200\003\133\337}{section.1.4}% 15
\BOOKMARK [2][-]{subsection.1.4.4}{\376\377\0001\000.\0004\000.\0004\000\040\212\125\117\241\174\373\060\156\121\111\133\146\174\373\060\222\200\003\141\156\060\127\060\137\000\040\000z\000\040\060\156\156\054\133\232\123\237\164\006}{section.1.4}% 16
\BOOKMARK [2][-]{subsection.1.4.5}{\376\377\0001\000.\0004\000.\0005\000\040\212\125\117\241\174\373\060\156\212\055\212\010\060\113\060\211\165\037\060\176\060\214\060\213\000\040\000z\000\040\060\156\212\244\135\356\060\156\211\213\172\115\060\202\060\212}{section.1.4}% 17
\BOOKMARK [1][-]{section.1.5}{\376\377\0001\000.\0005\000\040\060\271\060\321\060\374\060\271\060\357\060\244\060\344\060\374\060\260\060\352\060\303\060\311\060\156\060\137\060\217\060\177\221\317\060\156\212\125\117\241}{chapter.1}% 18
\BOOKMARK [2][-]{subsection.1.5.1}{\376\377\0001\000.\0005\000.\0001\000\040\212\125\117\241\142\113\154\325}{section.1.5}% 19
